[debug] [2022-06-13T21:33:44.462Z] ----------------------------------------------------------------------
[debug] [2022-06-13T21:33:44.464Z] Command:       C:\Program Files\nodejs\node.exe C:\Users\Teres\AppData\Roaming\npm\node_modules\firebase-tools\lib\bin\firebase.js init hosting
[debug] [2022-06-13T21:33:44.465Z] CLI Version:   11.1.0
[debug] [2022-06-13T21:33:44.465Z] Platform:      win32
[debug] [2022-06-13T21:33:44.465Z] Node Version:  v16.14.0
[debug] [2022-06-13T21:33:44.467Z] Time:          Mon Jun 13 2022 16:33:44 GMT-0500 (Central Daylight Time)
[debug] [2022-06-13T21:33:44.467Z] ----------------------------------------------------------------------
[debug] 
[debug] [2022-06-13T21:33:44.524Z] > command requires scopes: ["email","openid","https://www.googleapis.com/auth/cloudplatformprojects.readonly","https://www.googleapis.com/auth/firebase","https://www.googleapis.com/auth/cloud-platform"]
[debug] [2022-06-13T21:33:44.525Z] > authorizing via signed-in user (teresafranxman97@gmail.com)
[info] 
     ######## #### ########  ######## ########     ###     ######  ########
     ##        ##  ##     ## ##       ##     ##  ##   ##  ##       ##
     ######    ##  ########  ######   ########  #########  ######  ######
     ##        ##  ##    ##  ##       ##     ## ##     ##       ## ##
     ##       #### ##     ## ######## ########  ##     ##  ######  ########

You're about to initialize a Firebase project in this directory:

  C:\Users\Teres\OneDrive\Documents\the-bodega

Before we get started, keep in mind:

  * You are initializing within an existing Firebase project directory

